{"/home/bajrangi/Wins/Aegis-Vault/apps/web/components/Footer.tsx": {"path":"/home/bajrangi/Wins/Aegis-Vault/apps/web/components/Footer.tsx","statementMap":{"0":{"start":{"line":5,"column":22},"end":{"line":10,"column":null}},"1":{"start":{"line":12,"column":24},"end":{"line":12,"column":null}},"2":{"start":{"line":14,"column":74},"end":{"line":30,"column":null}},"3":{"start":{"line":33,"column":2},"end":{"line":95,"column":null}},"4":{"start":{"line":51,"column":14},"end":{"line":53,"column":null}},"5":{"start":{"line":59,"column":14},"end":{"line":75,"column":null}},"6":{"start":{"line":81,"column":14},"end":{"line":83,"column":null}},"7":{"start":{"line":108,"column":2},"end":{"line":114,"column":null}},"8":{"start":{"line":127,"column":2},"end":{"line":138,"column":null}},"9":{"start":{"line":128,"column":4},"end":{"line":136,"column":null}},"10":{"start":{"line":139,"column":2},"end":{"line":145,"column":null}}},"fnMap":{"0":{"name":"Footer","decl":{"start":{"line":32,"column":16},"end":{"line":32,"column":25}},"loc":{"start":{"line":32,"column":25},"end":{"line":97,"column":null}},"line":32},"1":{"name":"(anonymous_1)","decl":{"start":{"line":50,"column":27},"end":{"line":50,"column":31}},"loc":{"start":{"line":51,"column":14},"end":{"line":53,"column":null}},"line":51},"2":{"name":"(anonymous_2)","decl":{"start":{"line":58,"column":22},"end":{"line":58,"column":26}},"loc":{"start":{"line":59,"column":14},"end":{"line":75,"column":null}},"line":59},"3":{"name":"(anonymous_3)","decl":{"start":{"line":80,"column":29},"end":{"line":80,"column":33}},"loc":{"start":{"line":81,"column":14},"end":{"line":83,"column":null}},"line":81},"4":{"name":"FooterColumn","decl":{"start":{"line":99,"column":9},"end":{"line":99,"column":22}},"loc":{"start":{"line":107,"column":3},"end":{"line":116,"column":null}},"line":107},"5":{"name":"FooterRow","decl":{"start":{"line":118,"column":9},"end":{"line":118,"column":19}},"loc":{"start":{"line":126,"column":3},"end":{"line":147,"column":null}},"line":126}},"branchMap":{"0":{"loc":{"start":{"line":102,"column":2},"end":{"line":102,"column":null}},"type":"default-arg","locations":[{"start":{"line":102,"column":14},"end":{"line":102,"column":null}}],"line":102},"1":{"loc":{"start":{"line":127,"column":2},"end":{"line":138,"column":null}},"type":"if","locations":[{"start":{"line":127,"column":2},"end":{"line":138,"column":null}},{"start":{},"end":{}}],"line":127}},"s":{"0":1,"1":1,"2":1,"3":10,"4":40,"5":30,"6":10,"7":30,"8":50,"9":50,"10":0},"f":{"0":10,"1":40,"2":30,"3":10,"4":30,"5":50},"b":{"0":[30],"1":[50,0]},"meta":{"lastBranch":2,"lastFunction":6,"lastStatement":11,"seen":{"s:5:22:10:Infinity":0,"s:12:24:12:Infinity":1,"s:14:74:30:Infinity":2,"f:32:16:32:25":0,"s:33:2:95:Infinity":3,"f:50:27:50:31":1,"s:51:14:53:Infinity":4,"f:58:22:58:26":2,"s:59:14:75:Infinity":5,"f:80:29:80:33":3,"s:81:14:83:Infinity":6,"f:99:9:99:22":4,"b:102:14:102:Infinity":0,"s:108:2:114:Infinity":7,"f:118:9:118:19":5,"b:127:2:138:Infinity:undefined:undefined:undefined:undefined":1,"s:127:2:138:Infinity":8,"s:128:4:136:Infinity":9,"s:139:2:145:Infinity":10},"fnNames":{}}}
,"/home/bajrangi/Wins/Aegis-Vault/apps/web/components/Navbar.tsx": {"path":"/home/bajrangi/Wins/Aegis-Vault/apps/web/components/Navbar.tsx","statementMap":{"0":{"start":{"line":1,"column":0},"end":{"line":1,"column":null}},"1":{"start":{"line":14,"column":18},"end":{"line":17,"column":null}},"2":{"start":{"line":19,"column":19},"end":{"line":19,"column":null}},"3":{"start":{"line":23,"column":22},"end":{"line":23,"column":null}},"4":{"start":{"line":24,"column":19},"end":{"line":24,"column":null}},"5":{"start":{"line":26,"column":24},"end":{"line":26,"column":null}},"6":{"start":{"line":27,"column":30},"end":{"line":27,"column":null}},"7":{"start":{"line":54,"column":18},"end":{"line":54,"column":null}},"8":{"start":{"line":55,"column":23},"end":{"line":55,"column":null}},"9":{"start":{"line":57,"column":34},"end":{"line":57,"column":null}},"10":{"start":{"line":63,"column":30},"end":{"line":63,"column":null}},"11":{"start":{"line":64,"column":34},"end":{"line":64,"column":null}},"12":{"start":{"line":69,"column":36},"end":{"line":69,"column":null}},"13":{"start":{"line":71,"column":2},"end":{"line":88,"column":null}},"14":{"start":{"line":72,"column":4},"end":{"line":72,"column":null}},"15":{"start":{"line":72,"column":39},"end":{"line":72,"column":null}},"16":{"start":{"line":73,"column":10},"end":{"line":80,"column":null}},"17":{"start":{"line":74,"column":19},"end":{"line":74,"column":null}},"18":{"start":{"line":75,"column":6},"end":{"line":78,"column":null}},"19":{"start":{"line":76,"column":27},"end":{"line":76,"column":null}},"20":{"start":{"line":77,"column":8},"end":{"line":77,"column":null}},"21":{"start":{"line":79,"column":6},"end":{"line":79,"column":null}},"22":{"start":{"line":81,"column":4},"end":{"line":81,"column":null}},"23":{"start":{"line":82,"column":4},"end":{"line":82,"column":null}},"24":{"start":{"line":83,"column":14},"end":{"line":83,"column":null}},"25":{"start":{"line":84,"column":4},"end":{"line":87,"column":null}},"26":{"start":{"line":85,"column":6},"end":{"line":85,"column":null}},"27":{"start":{"line":86,"column":6},"end":{"line":86,"column":null}},"28":{"start":{"line":91,"column":2},"end":{"line":98,"column":null}},"29":{"start":{"line":92,"column":4},"end":{"line":92,"column":null}},"30":{"start":{"line":92,"column":41},"end":{"line":92,"column":null}},"31":{"start":{"line":93,"column":21},"end":{"line":93,"column":null}},"32":{"start":{"line":94,"column":4},"end":{"line":94,"column":null}},"33":{"start":{"line":94,"column":18},"end":{"line":94,"column":null}},"34":{"start":{"line":95,"column":4},"end":{"line":97,"column":null}},"35":{"start":{"line":96,"column":6},"end":{"line":96,"column":null}},"36":{"start":{"line":101,"column":2},"end":{"line":108,"column":null}},"37":{"start":{"line":102,"column":4},"end":{"line":102,"column":null}},"38":{"start":{"line":102,"column":19},"end":{"line":102,"column":null}},"39":{"start":{"line":103,"column":10},"end":{"line":105,"column":null}},"40":{"start":{"line":104,"column":6},"end":{"line":104,"column":null}},"41":{"start":{"line":104,"column":30},"end":{"line":104,"column":null}},"42":{"start":{"line":106,"column":4},"end":{"line":106,"column":null}},"43":{"start":{"line":107,"column":4},"end":{"line":107,"column":null}},"44":{"start":{"line":107,"column":17},"end":{"line":107,"column":null}},"45":{"start":{"line":119,"column":2},"end":{"line":131,"column":null}},"46":{"start":{"line":120,"column":4},"end":{"line":120,"column":null}},"47":{"start":{"line":120,"column":39},"end":{"line":120,"column":null}},"48":{"start":{"line":121,"column":16},"end":{"line":121,"column":null}},"49":{"start":{"line":122,"column":15},"end":{"line":128,"column":null}},"50":{"start":{"line":123,"column":16},"end":{"line":123,"column":null}},"51":{"start":{"line":124,"column":6},"end":{"line":124,"column":null}},"52":{"start":{"line":124,"column":23},"end":{"line":124,"column":null}},"53":{"start":{"line":125,"column":6},"end":{"line":125,"column":null}},"54":{"start":{"line":126,"column":6},"end":{"line":126,"column":null}},"55":{"start":{"line":127,"column":6},"end":{"line":127,"column":null}},"56":{"start":{"line":129,"column":4},"end":{"line":129,"column":null}},"57":{"start":{"line":129,"column":17},"end":{"line":129,"column":null}},"58":{"start":{"line":133,"column":21},"end":{"line":133,"column":null}},"59":{"start":{"line":137,"column":16},"end":{"line":137,"column":null}},"60":{"start":{"line":138,"column":15},"end":{"line":138,"column":null}},"61":{"start":{"line":139,"column":15},"end":{"line":139,"column":null}},"62":{"start":{"line":145,"column":24},"end":{"line":145,"column":null}},"63":{"start":{"line":146,"column":21},"end":{"line":146,"column":null}},"64":{"start":{"line":147,"column":28},"end":{"line":147,"column":null}},"65":{"start":{"line":148,"column":28},"end":{"line":148,"column":null}},"66":{"start":{"line":154,"column":19},"end":{"line":154,"column":null}},"67":{"start":{"line":155,"column":23},"end":{"line":155,"column":null}},"68":{"start":{"line":156,"column":23},"end":{"line":156,"column":null}},"69":{"start":{"line":157,"column":23},"end":{"line":157,"column":null}},"70":{"start":{"line":159,"column":2},"end":{"line":226,"column":null}},"71":{"start":{"line":204,"column":14},"end":{"line":206,"column":null}},"72":{"start":{"line":218,"column":60},"end":{"line":218,"column":83}},"73":{"start":{"line":218,"column":77},"end":{"line":218,"column":79}},"74":{"start":{"line":224,"column":54},"end":{"line":224,"column":75}},"75":{"start":{"line":237,"column":18},"end":{"line":237,"column":null}},"76":{"start":{"line":238,"column":23},"end":{"line":238,"column":null}},"77":{"start":{"line":239,"column":19},"end":{"line":239,"column":null}},"78":{"start":{"line":240,"column":8},"end":{"line":240,"column":null}},"79":{"start":{"line":241,"column":23},"end":{"line":241,"column":null}},"80":{"start":{"line":242,"column":2},"end":{"line":242,"column":null}},"81":{"start":{"line":254,"column":18},"end":{"line":254,"column":null}},"82":{"start":{"line":255,"column":21},"end":{"line":255,"column":null}},"83":{"start":{"line":257,"column":2},"end":{"line":257,"column":null}},"84":{"start":{"line":257,"column":39},"end":{"line":257,"column":null}},"85":{"start":{"line":258,"column":12},"end":{"line":258,"column":null}},"86":{"start":{"line":259,"column":12},"end":{"line":259,"column":null}},"87":{"start":{"line":260,"column":29},"end":{"line":260,"column":null}},"88":{"start":{"line":261,"column":2},"end":{"line":261,"column":null}},"89":{"start":{"line":261,"column":13},"end":{"line":261,"column":null}},"90":{"start":{"line":262,"column":2},"end":{"line":274,"column":null}},"91":{"start":{"line":263,"column":4},"end":{"line":272,"column":null}},"92":{"start":{"line":264,"column":17},"end":{"line":264,"column":null}},"93":{"start":{"line":265,"column":6},"end":{"line":271,"column":null}},"94":{"start":{"line":266,"column":8},"end":{"line":269,"column":null}},"95":{"start":{"line":267,"column":10},"end":{"line":267,"column":null}},"96":{"start":{"line":268,"column":10},"end":{"line":268,"column":null}},"97":{"start":{"line":270,"column":8},"end":{"line":270,"column":null}},"98":{"start":{"line":273,"column":4},"end":{"line":273,"column":null}},"99":{"start":{"line":279,"column":4},"end":{"line":281,"column":null}},"100":{"start":{"line":282,"column":2},"end":{"line":289,"column":null}},"101":{"start":{"line":295,"column":2},"end":{"line":308,"column":null}},"102":{"start":{"line":313,"column":19},"end":{"line":313,"column":null}},"103":{"start":{"line":315,"column":4},"end":{"line":315,"column":null}},"104":{"start":{"line":316,"column":2},"end":{"line":338,"column":null}},"105":{"start":{"line":317,"column":15},"end":{"line":317,"column":null}},"106":{"start":{"line":318,"column":4},"end":{"line":336,"column":null}},"107":{"start":{"line":323,"column":25},"end":{"line":323,"column":null}},"108":{"start":{"line":324,"column":10},"end":{"line":324,"column":null}},"109":{"start":{"line":324,"column":23},"end":{"line":324,"column":null}},"110":{"start":{"line":325,"column":24},"end":{"line":325,"column":null}},"111":{"start":{"line":326,"column":10},"end":{"line":332,"column":null}},"112":{"start":{"line":327,"column":12},"end":{"line":327,"column":null}},"113":{"start":{"line":328,"column":12},"end":{"line":331,"column":null}},"114":{"start":{"line":330,"column":28},"end":{"line":330,"column":null}},"115":{"start":{"line":339,"column":2},"end":{"line":342,"column":null}},"116":{"start":{"line":349,"column":2},"end":{"line":371,"column":null}},"117":{"start":{"line":378,"column":2},"end":{"line":419,"column":null}},"118":{"start":{"line":411,"column":12},"end":{"line":415,"column":null}},"119":{"start":{"line":434,"column":19},"end":{"line":434,"column":null}},"120":{"start":{"line":436,"column":4},"end":{"line":436,"column":null}},"121":{"start":{"line":437,"column":18},"end":{"line":437,"column":null}},"122":{"start":{"line":438,"column":18},"end":{"line":438,"column":null}},"123":{"start":{"line":439,"column":21},"end":{"line":443,"column":null}},"124":{"start":{"line":448,"column":2},"end":{"line":459,"column":null}}},"fnMap":{"0":{"name":"Navbar","decl":{"start":{"line":46,"column":16},"end":{"line":46,"column":25}},"loc":{"start":{"line":46,"column":25},"end":{"line":228,"column":null}},"line":46},"1":{"name":"(anonymous_1)","decl":{"start":{"line":71,"column":2},"end":{"line":71,"column":18}},"loc":{"start":{"line":71,"column":18},"end":{"line":88,"column":5}},"line":71},"2":{"name":"(anonymous_2)","decl":{"start":{"line":73,"column":10},"end":{"line":73,"column":26}},"loc":{"start":{"line":73,"column":26},"end":{"line":80,"column":null}},"line":73},"3":{"name":"(anonymous_3)","decl":{"start":{"line":84,"column":4},"end":{"line":84,"column":17}},"loc":{"start":{"line":84,"column":17},"end":{"line":87,"column":null}},"line":84},"4":{"name":"(anonymous_4)","decl":{"start":{"line":91,"column":2},"end":{"line":91,"column":18}},"loc":{"start":{"line":91,"column":18},"end":{"line":98,"column":5}},"line":91},"5":{"name":"(anonymous_5)","decl":{"start":{"line":95,"column":4},"end":{"line":95,"column":17}},"loc":{"start":{"line":95,"column":17},"end":{"line":97,"column":null}},"line":95},"6":{"name":"(anonymous_6)","decl":{"start":{"line":101,"column":2},"end":{"line":101,"column":18}},"loc":{"start":{"line":101,"column":18},"end":{"line":108,"column":5}},"line":101},"7":{"name":"(anonymous_7)","decl":{"start":{"line":103,"column":10},"end":{"line":103,"column":19}},"loc":{"start":{"line":103,"column":40},"end":{"line":105,"column":null}},"line":103},"8":{"name":"(anonymous_8)","decl":{"start":{"line":107,"column":4},"end":{"line":107,"column":17}},"loc":{"start":{"line":107,"column":17},"end":{"line":107,"column":null}},"line":107},"9":{"name":"(anonymous_9)","decl":{"start":{"line":119,"column":2},"end":{"line":119,"column":18}},"loc":{"start":{"line":119,"column":18},"end":{"line":131,"column":5}},"line":119},"10":{"name":"(anonymous_10)","decl":{"start":{"line":122,"column":22},"end":{"line":122,"column":40}},"loc":{"start":{"line":122,"column":40},"end":{"line":128,"column":7}},"line":122},"11":{"name":"(anonymous_11)","decl":{"start":{"line":129,"column":4},"end":{"line":129,"column":17}},"loc":{"start":{"line":129,"column":17},"end":{"line":129,"column":null}},"line":129},"12":{"name":"(anonymous_12)","decl":{"start":{"line":203,"column":23},"end":{"line":203,"column":27}},"loc":{"start":{"line":204,"column":14},"end":{"line":206,"column":null}},"line":204},"13":{"name":"(anonymous_13)","decl":{"start":{"line":218,"column":45},"end":{"line":218,"column":60}},"loc":{"start":{"line":218,"column":60},"end":{"line":218,"column":83}},"line":218},"14":{"name":"(anonymous_14)","decl":{"start":{"line":218,"column":60},"end":{"line":218,"column":72}},"loc":{"start":{"line":218,"column":77},"end":{"line":218,"column":79}},"line":218},"15":{"name":"(anonymous_15)","decl":{"start":{"line":224,"column":39},"end":{"line":224,"column":54}},"loc":{"start":{"line":224,"column":54},"end":{"line":224,"column":75}},"line":224},"16":{"name":"computeSpread","decl":{"start":{"line":236,"column":9},"end":{"line":236,"column":23}},"loc":{"start":{"line":236,"column":35},"end":{"line":243,"column":null}},"line":236},"17":{"name":"probeNavSectionBg","decl":{"start":{"line":256,"column":9},"end":{"line":256,"column":27}},"loc":{"start":{"line":256,"column":63},"end":{"line":275,"column":null}},"line":256},"18":{"name":"Brand","decl":{"start":{"line":277,"column":9},"end":{"line":277,"column":15}},"loc":{"start":{"line":277,"column":69},"end":{"line":291,"column":null}},"line":277},"19":{"name":"PrimaryCta","decl":{"start":{"line":293,"column":9},"end":{"line":293,"column":22}},"loc":{"start":{"line":293,"column":22},"end":{"line":310,"column":null}},"line":293},"20":{"name":"NavLink","decl":{"start":{"line":312,"column":9},"end":{"line":312,"column":17}},"loc":{"start":{"line":312,"column":82},"end":{"line":344,"column":null}},"line":312},"21":{"name":"(anonymous_21)","decl":{"start":{"line":322,"column":8},"end":{"line":322,"column":17}},"loc":{"start":{"line":322,"column":22},"end":{"line":333,"column":null}},"line":322},"22":{"name":"(anonymous_22)","decl":{"start":{"line":330,"column":14},"end":{"line":330,"column":22}},"loc":{"start":{"line":330,"column":28},"end":{"line":330,"column":null}},"line":330},"23":{"name":"HamburgerButton","decl":{"start":{"line":348,"column":9},"end":{"line":348,"column":25}},"loc":{"start":{"line":348,"column":84},"end":{"line":373,"column":null}},"line":348},"24":{"name":"MobileMenuOverlay","decl":{"start":{"line":377,"column":9},"end":{"line":377,"column":27}},"loc":{"start":{"line":377,"column":65},"end":{"line":421,"column":null}},"line":377},"25":{"name":"(anonymous_25)","decl":{"start":{"line":410,"column":21},"end":{"line":410,"column":26}},"loc":{"start":{"line":411,"column":12},"end":{"line":415,"column":null}},"line":411},"26":{"name":"MenuLink","decl":{"start":{"line":423,"column":9},"end":{"line":423,"column":18}},"loc":{"start":{"line":433,"column":3},"end":{"line":461,"column":null}},"line":433}},"branchMap":{"0":{"loc":{"start":{"line":72,"column":4},"end":{"line":72,"column":null}},"type":"if","locations":[{"start":{"line":72,"column":4},"end":{"line":72,"column":null}},{"start":{},"end":{}}],"line":72},"1":{"loc":{"start":{"line":75,"column":6},"end":{"line":78,"column":null}},"type":"if","locations":[{"start":{"line":75,"column":6},"end":{"line":78,"column":null}},{"start":{},"end":{}}],"line":75},"2":{"loc":{"start":{"line":92,"column":4},"end":{"line":92,"column":null}},"type":"if","locations":[{"start":{"line":92,"column":4},"end":{"line":92,"column":null}},{"start":{},"end":{}}],"line":92},"3":{"loc":{"start":{"line":94,"column":4},"end":{"line":94,"column":null}},"type":"if","locations":[{"start":{"line":94,"column":4},"end":{"line":94,"column":null}},{"start":{},"end":{}}],"line":94},"4":{"loc":{"start":{"line":102,"column":4},"end":{"line":102,"column":null}},"type":"if","locations":[{"start":{"line":102,"column":4},"end":{"line":102,"column":null}},{"start":{},"end":{}}],"line":102},"5":{"loc":{"start":{"line":104,"column":6},"end":{"line":104,"column":null}},"type":"if","locations":[{"start":{"line":104,"column":6},"end":{"line":104,"column":null}},{"start":{},"end":{}}],"line":104},"6":{"loc":{"start":{"line":120,"column":4},"end":{"line":120,"column":null}},"type":"if","locations":[{"start":{"line":120,"column":4},"end":{"line":120,"column":null}},{"start":{},"end":{}}],"line":120},"7":{"loc":{"start":{"line":124,"column":6},"end":{"line":124,"column":null}},"type":"if","locations":[{"start":{"line":124,"column":6},"end":{"line":124,"column":null}},{"start":{},"end":{}}],"line":124},"8":{"loc":{"start":{"line":224,"column":9},"end":{"line":224,"column":null}},"type":"cond-expr","locations":[{"start":{"line":224,"column":20},"end":{"line":224,"column":null}},{"start":{"line":224,"column":79},"end":{"line":224,"column":null}}],"line":224},"9":{"loc":{"start":{"line":237,"column":18},"end":{"line":237,"column":null}},"type":"cond-expr","locations":[{"start":{"line":237,"column":29},"end":{"line":237,"column":34}},{"start":{"line":237,"column":34},"end":{"line":237,"column":null}}],"line":237},"10":{"loc":{"start":{"line":257,"column":2},"end":{"line":257,"column":null}},"type":"if","locations":[{"start":{"line":257,"column":2},"end":{"line":257,"column":null}},{"start":{},"end":{}}],"line":257},"11":{"loc":{"start":{"line":261,"column":2},"end":{"line":261,"column":null}},"type":"if","locations":[{"start":{"line":261,"column":2},"end":{"line":261,"column":null}},{"start":{},"end":{}}],"line":261},"12":{"loc":{"start":{"line":262,"column":9},"end":{"line":262,"column":52}},"type":"binary-expr","locations":[{"start":{"line":262,"column":9},"end":{"line":262,"column":17}},{"start":{"line":262,"column":17},"end":{"line":262,"column":52}}],"line":262},"13":{"loc":{"start":{"line":263,"column":4},"end":{"line":272,"column":null}},"type":"if","locations":[{"start":{"line":263,"column":4},"end":{"line":272,"column":null}},{"start":{},"end":{}}],"line":263},"14":{"loc":{"start":{"line":265,"column":6},"end":{"line":271,"column":null}},"type":"if","locations":[{"start":{"line":265,"column":6},"end":{"line":271,"column":null}},{"start":{},"end":{}}],"line":265},"15":{"loc":{"start":{"line":265,"column":10},"end":{"line":265,"column":67}},"type":"binary-expr","locations":[{"start":{"line":265,"column":10},"end":{"line":265,"column":16}},{"start":{"line":265,"column":16},"end":{"line":265,"column":45}},{"start":{"line":265,"column":45},"end":{"line":265,"column":67}}],"line":265},"16":{"loc":{"start":{"line":266,"column":8},"end":{"line":269,"column":null}},"type":"if","locations":[{"start":{"line":266,"column":8},"end":{"line":269,"column":null}},{"start":{},"end":{}}],"line":266},"17":{"loc":{"start":{"line":277,"column":17},"end":{"line":277,"column":69}},"type":"default-arg","locations":[{"start":{"line":277,"column":24},"end":{"line":277,"column":69}}],"line":277},"18":{"loc":{"start":{"line":279,"column":4},"end":{"line":281,"column":null}},"type":"cond-expr","locations":[{"start":{"line":280,"column":8},"end":{"line":280,"column":null}},{"start":{"line":281,"column":8},"end":{"line":281,"column":null}}],"line":279},"19":{"loc":{"start":{"line":316,"column":2},"end":{"line":338,"column":null}},"type":"if","locations":[{"start":{"line":316,"column":2},"end":{"line":338,"column":null}},{"start":{},"end":{}}],"line":316},"20":{"loc":{"start":{"line":324,"column":10},"end":{"line":324,"column":null}},"type":"if","locations":[{"start":{"line":324,"column":10},"end":{"line":324,"column":null}},{"start":{},"end":{}}],"line":324},"21":{"loc":{"start":{"line":326,"column":10},"end":{"line":332,"column":null}},"type":"if","locations":[{"start":{"line":326,"column":10},"end":{"line":332,"column":null}},{"start":{},"end":{}}],"line":326},"22":{"loc":{"start":{"line":330,"column":28},"end":{"line":330,"column":null}},"type":"cond-expr","locations":[{"start":{"line":330,"column":38},"end":{"line":330,"column":54}},{"start":{"line":330,"column":54},"end":{"line":330,"column":null}}],"line":330},"23":{"loc":{"start":{"line":353,"column":18},"end":{"line":353,"column":null}},"type":"cond-expr","locations":[{"start":{"line":353,"column":25},"end":{"line":353,"column":40}},{"start":{"line":353,"column":40},"end":{"line":353,"column":null}}],"line":353},"24":{"loc":{"start":{"line":361,"column":19},"end":{"line":361,"column":null}},"type":"cond-expr","locations":[{"start":{"line":361,"column":26},"end":{"line":361,"column":49}},{"start":{"line":361,"column":49},"end":{"line":361,"column":null}}],"line":361},"25":{"loc":{"start":{"line":367,"column":19},"end":{"line":367,"column":null}},"type":"cond-expr","locations":[{"start":{"line":367,"column":26},"end":{"line":367,"column":51}},{"start":{"line":367,"column":51},"end":{"line":367,"column":null}}],"line":367},"26":{"loc":{"start":{"line":450,"column":7},"end":{"line":457,"column":null}},"type":"cond-expr","locations":[{"start":{"line":451,"column":8},"end":{"line":455,"column":9}},{"start":{"line":455,"column":8},"end":{"line":457,"column":null}}],"line":450}},"s":{"0":1,"1":1,"2":1,"3":1,"4":1,"5":1,"6":1,"7":28,"8":28,"9":28,"10":28,"11":28,"12":28,"13":28,"14":14,"15":0,"16":14,"17":14,"18":14,"19":0,"20":0,"21":14,"22":14,"23":14,"24":14,"25":14,"26":14,"27":14,"28":28,"29":22,"30":0,"31":22,"32":22,"33":6,"34":22,"35":22,"36":28,"37":22,"38":16,"39":6,"40":1,"41":1,"42":6,"43":6,"44":6,"45":28,"46":14,"47":0,"48":14,"49":14,"50":1,"51":1,"52":0,"53":1,"54":1,"55":1,"56":14,"57":14,"58":28,"59":28,"60":28,"61":28,"62":28,"63":28,"64":28,"65":28,"66":28,"67":28,"68":28,"69":28,"70":28,"71":56,"72":7,"73":7,"74":0,"75":14,"76":14,"77":14,"78":14,"79":14,"80":14,"81":1,"82":1,"83":1,"84":0,"85":1,"86":1,"87":1,"88":1,"89":0,"90":0,"91":0,"92":0,"93":0,"94":0,"95":0,"96":0,"97":0,"98":0,"99":28,"100":28,"101":28,"102":44,"103":44,"104":44,"105":22,"106":22,"107":0,"108":0,"109":0,"110":0,"111":0,"112":0,"113":0,"114":0,"115":22,"116":28,"117":6,"118":12,"119":12,"120":12,"121":12,"122":12,"123":12,"124":12},"f":{"0":28,"1":14,"2":14,"3":14,"4":22,"5":22,"6":22,"7":1,"8":6,"9":14,"10":1,"11":14,"12":56,"13":7,"14":7,"15":0,"16":14,"17":1,"18":28,"19":28,"20":44,"21":0,"22":0,"23":28,"24":6,"25":12,"26":12},"b":{"0":[0,14],"1":[0,14],"2":[0,22],"3":[6,16],"4":[16,6],"5":[1,0],"6":[0,14],"7":[0,1],"8":[12,16],"9":[0,14],"10":[0,1],"11":[0,1],"12":[0,0],"13":[0,0],"14":[0,0],"15":[0,0,0],"16":[0,0],"17":[28],"18":[0,28],"19":[22,22],"20":[0,0],"21":[0,0],"22":[0,0],"23":[12,16],"24":[12,16],"25":[12,16],"26":[6,6]},"meta":{"lastBranch":27,"lastFunction":27,"lastStatement":125,"seen":{"s:1:0:1:Infinity":0,"s:14:18:17:Infinity":1,"s:19:19:19:Infinity":2,"s:23:22:23:Infinity":3,"s:24:19:24:Infinity":4,"s:26:24:26:Infinity":5,"s:27:30:27:Infinity":6,"f:46:16:46:25":0,"s:54:18:54:Infinity":7,"s:55:23:55:Infinity":8,"s:57:34:57:Infinity":9,"s:63:30:63:Infinity":10,"s:64:34:64:Infinity":11,"s:69:36:69:Infinity":12,"s:71:2:88:Infinity":13,"f:71:2:71:18":1,"b:72:4:72:Infinity:undefined:undefined:undefined:undefined":0,"s:72:4:72:Infinity":14,"s:72:39:72:Infinity":15,"s:73:10:80:Infinity":16,"f:73:10:73:26":2,"s:74:19:74:Infinity":17,"b:75:6:78:Infinity:undefined:undefined:undefined:undefined":1,"s:75:6:78:Infinity":18,"s:76:27:76:Infinity":19,"s:77:8:77:Infinity":20,"s:79:6:79:Infinity":21,"s:81:4:81:Infinity":22,"s:82:4:82:Infinity":23,"s:83:14:83:Infinity":24,"s:84:4:87:Infinity":25,"f:84:4:84:17":3,"s:85:6:85:Infinity":26,"s:86:6:86:Infinity":27,"s:91:2:98:Infinity":28,"f:91:2:91:18":4,"b:92:4:92:Infinity:undefined:undefined:undefined:undefined":2,"s:92:4:92:Infinity":29,"s:92:41:92:Infinity":30,"s:93:21:93:Infinity":31,"b:94:4:94:Infinity:undefined:undefined:undefined:undefined":3,"s:94:4:94:Infinity":32,"s:94:18:94:Infinity":33,"s:95:4:97:Infinity":34,"f:95:4:95:17":5,"s:96:6:96:Infinity":35,"s:101:2:108:Infinity":36,"f:101:2:101:18":6,"b:102:4:102:Infinity:undefined:undefined:undefined:undefined":4,"s:102:4:102:Infinity":37,"s:102:19:102:Infinity":38,"s:103:10:105:Infinity":39,"f:103:10:103:19":7,"b:104:6:104:Infinity:undefined:undefined:undefined:undefined":5,"s:104:6:104:Infinity":40,"s:104:30:104:Infinity":41,"s:106:4:106:Infinity":42,"s:107:4:107:Infinity":43,"f:107:4:107:17":8,"s:107:17:107:Infinity":44,"s:119:2:131:Infinity":45,"f:119:2:119:18":9,"b:120:4:120:Infinity:undefined:undefined:undefined:undefined":6,"s:120:4:120:Infinity":46,"s:120:39:120:Infinity":47,"s:121:16:121:Infinity":48,"s:122:15:128:Infinity":49,"f:122:22:122:40":10,"s:123:16:123:Infinity":50,"b:124:6:124:Infinity:undefined:undefined:undefined:undefined":7,"s:124:6:124:Infinity":51,"s:124:23:124:Infinity":52,"s:125:6:125:Infinity":53,"s:126:6:126:Infinity":54,"s:127:6:127:Infinity":55,"s:129:4:129:Infinity":56,"f:129:4:129:17":11,"s:129:17:129:Infinity":57,"s:133:21:133:Infinity":58,"s:137:16:137:Infinity":59,"s:138:15:138:Infinity":60,"s:139:15:139:Infinity":61,"s:145:24:145:Infinity":62,"s:146:21:146:Infinity":63,"s:147:28:147:Infinity":64,"s:148:28:148:Infinity":65,"s:154:19:154:Infinity":66,"s:155:23:155:Infinity":67,"s:156:23:156:Infinity":68,"s:157:23:157:Infinity":69,"s:159:2:226:Infinity":70,"f:203:23:203:27":12,"s:204:14:206:Infinity":71,"f:218:45:218:60":13,"s:218:60:218:83":72,"f:218:60:218:72":14,"s:218:77:218:79":73,"b:224:20:224:Infinity:224:79:224:Infinity":8,"f:224:39:224:54":15,"s:224:54:224:75":74,"f:236:9:236:23":16,"s:237:18:237:Infinity":75,"b:237:29:237:34:237:34:237:Infinity":9,"s:238:23:238:Infinity":76,"s:239:19:239:Infinity":77,"s:240:8:240:Infinity":78,"s:241:23:241:Infinity":79,"s:242:2:242:Infinity":80,"s:254:18:254:Infinity":81,"s:255:21:255:Infinity":82,"f:256:9:256:27":17,"b:257:2:257:Infinity:undefined:undefined:undefined:undefined":10,"s:257:2:257:Infinity":83,"s:257:39:257:Infinity":84,"s:258:12:258:Infinity":85,"s:259:12:259:Infinity":86,"s:260:29:260:Infinity":87,"b:261:2:261:Infinity:undefined:undefined:undefined:undefined":11,"s:261:2:261:Infinity":88,"s:261:13:261:Infinity":89,"s:262:2:274:Infinity":90,"b:262:9:262:17:262:17:262:52":12,"b:263:4:272:Infinity:undefined:undefined:undefined:undefined":13,"s:263:4:272:Infinity":91,"s:264:17:264:Infinity":92,"b:265:6:271:Infinity:undefined:undefined:undefined:undefined":14,"s:265:6:271:Infinity":93,"b:265:10:265:16:265:16:265:45:265:45:265:67":15,"b:266:8:269:Infinity:undefined:undefined:undefined:undefined":16,"s:266:8:269:Infinity":94,"s:267:10:267:Infinity":95,"s:268:10:268:Infinity":96,"s:270:8:270:Infinity":97,"s:273:4:273:Infinity":98,"f:277:9:277:15":18,"b:277:24:277:69":17,"s:279:4:281:Infinity":99,"b:280:8:280:Infinity:281:8:281:Infinity":18,"s:282:2:289:Infinity":100,"f:293:9:293:22":19,"s:295:2:308:Infinity":101,"f:312:9:312:17":20,"s:313:19:313:Infinity":102,"s:315:4:315:Infinity":103,"b:316:2:338:Infinity:undefined:undefined:undefined:undefined":19,"s:316:2:338:Infinity":104,"s:317:15:317:Infinity":105,"s:318:4:336:Infinity":106,"f:322:8:322:17":21,"s:323:25:323:Infinity":107,"b:324:10:324:Infinity:undefined:undefined:undefined:undefined":20,"s:324:10:324:Infinity":108,"s:324:23:324:Infinity":109,"s:325:24:325:Infinity":110,"b:326:10:332:Infinity:undefined:undefined:undefined:undefined":21,"s:326:10:332:Infinity":111,"s:327:12:327:Infinity":112,"s:328:12:331:Infinity":113,"f:330:14:330:22":22,"s:330:28:330:Infinity":114,"b:330:38:330:54:330:54:330:Infinity":22,"s:339:2:342:Infinity":115,"f:348:9:348:25":23,"s:349:2:371:Infinity":116,"b:353:25:353:40:353:40:353:Infinity":23,"b:361:26:361:49:361:49:361:Infinity":24,"b:367:26:367:51:367:51:367:Infinity":25,"f:377:9:377:27":24,"s:378:2:419:Infinity":117,"f:410:21:410:26":25,"s:411:12:415:Infinity":118,"f:423:9:423:18":26,"s:434:19:434:Infinity":119,"s:436:4:436:Infinity":120,"s:437:18:437:Infinity":121,"s:438:18:438:Infinity":122,"s:439:21:443:Infinity":123,"s:448:2:459:Infinity":124,"b:451:8:455:9:455:8:457:Infinity":26},"fnNames":{}}}
,"/home/bajrangi/Wins/Aegis-Vault/apps/web/components/theme/ThemeProvider.tsx": {"path":"/home/bajrangi/Wins/Aegis-Vault/apps/web/components/theme/ThemeProvider.tsx","statementMap":{"0":{"start":{"line":1,"column":0},"end":{"line":1,"column":null}},"1":{"start":{"line":23,"column":21},"end":{"line":23,"column":null}},"2":{"start":{"line":26,"column":2},"end":{"line":26,"column":null}},"3":{"start":{"line":26,"column":37},"end":{"line":26,"column":null}},"4":{"start":{"line":27,"column":2},"end":{"line":27,"column":null}},"5":{"start":{"line":31,"column":2},"end":{"line":31,"column":null}},"6":{"start":{"line":31,"column":37},"end":{"line":31,"column":null}},"7":{"start":{"line":32,"column":14},"end":{"line":32,"column":null}},"8":{"start":{"line":33,"column":2},"end":{"line":33,"column":null}},"9":{"start":{"line":33,"column":61},"end":{"line":33,"column":null}},"10":{"start":{"line":34,"column":2},"end":{"line":34,"column":null}},"11":{"start":{"line":38,"column":2},"end":{"line":38,"column":null}},"12":{"start":{"line":38,"column":39},"end":{"line":38,"column":null}},"13":{"start":{"line":39,"column":2},"end":{"line":39,"column":null}},"14":{"start":{"line":43,"column":2},"end":{"line":43,"column":null}},"15":{"start":{"line":43,"column":39},"end":{"line":43,"column":null}},"16":{"start":{"line":44,"column":12},"end":{"line":44,"column":null}},"17":{"start":{"line":45,"column":2},"end":{"line":45,"column":null}},"18":{"start":{"line":45,"column":10},"end":{"line":45,"column":null}},"19":{"start":{"line":46,"column":12},"end":{"line":46,"column":null}},"20":{"start":{"line":47,"column":2},"end":{"line":47,"column":null}},"21":{"start":{"line":47,"column":55},"end":{"line":47,"column":null}},"22":{"start":{"line":48,"column":2},"end":{"line":48,"column":null}},"23":{"start":{"line":52,"column":2},"end":{"line":52,"column":null}},"24":{"start":{"line":52,"column":43},"end":{"line":52,"column":null}},"25":{"start":{"line":53,"column":2},"end":{"line":53,"column":null}},"26":{"start":{"line":57,"column":2},"end":{"line":57,"column":null}},"27":{"start":{"line":57,"column":39},"end":{"line":57,"column":null}},"28":{"start":{"line":58,"column":15},"end":{"line":58,"column":null}},"29":{"start":{"line":63,"column":2},"end":{"line":72,"column":null}},"30":{"start":{"line":64,"column":4},"end":{"line":64,"column":null}},"31":{"start":{"line":65,"column":4},"end":{"line":65,"column":null}},"32":{"start":{"line":66,"column":9},"end":{"line":72,"column":null}},"33":{"start":{"line":67,"column":4},"end":{"line":67,"column":null}},"34":{"start":{"line":68,"column":4},"end":{"line":68,"column":null}},"35":{"start":{"line":70,"column":4},"end":{"line":70,"column":null}},"36":{"start":{"line":71,"column":4},"end":{"line":71,"column":null}},"37":{"start":{"line":73,"column":2},"end":{"line":73,"column":null}},"38":{"start":{"line":77,"column":2},"end":{"line":77,"column":null}},"39":{"start":{"line":83,"column":2},"end":{"line":83,"column":null}},"40":{"start":{"line":91,"column":33},"end":{"line":91,"column":null}},"41":{"start":{"line":92,"column":34},"end":{"line":92,"column":null}},"42":{"start":{"line":94,"column":2},"end":{"line":105,"column":null}},"43":{"start":{"line":95,"column":19},"end":{"line":95,"column":null}},"44":{"start":{"line":96,"column":4},"end":{"line":96,"column":null}},"45":{"start":{"line":97,"column":4},"end":{"line":97,"column":null}},"46":{"start":{"line":98,"column":4},"end":{"line":98,"column":null}},"47":{"start":{"line":103,"column":24},"end":{"line":103,"column":null}},"48":{"start":{"line":104,"column":4},"end":{"line":104,"column":null}},"49":{"start":{"line":104,"column":32},"end":{"line":104,"column":null}},"50":{"start":{"line":109,"column":2},"end":{"line":119,"column":null}},"51":{"start":{"line":110,"column":4},"end":{"line":110,"column":null}},"52":{"start":{"line":110,"column":28},"end":{"line":110,"column":null}},"53":{"start":{"line":111,"column":4},"end":{"line":111,"column":null}},"54":{"start":{"line":111,"column":39},"end":{"line":111,"column":null}},"55":{"start":{"line":112,"column":16},"end":{"line":112,"column":null}},"56":{"start":{"line":113,"column":10},"end":{"line":116,"column":null}},"57":{"start":{"line":114,"column":6},"end":{"line":114,"column":null}},"58":{"start":{"line":115,"column":6},"end":{"line":115,"column":null}},"59":{"start":{"line":117,"column":4},"end":{"line":117,"column":null}},"60":{"start":{"line":118,"column":4},"end":{"line":118,"column":null}},"61":{"start":{"line":118,"column":17},"end":{"line":118,"column":null}},"62":{"start":{"line":121,"column":19},"end":{"line":133,"column":null}},"63":{"start":{"line":122,"column":4},"end":{"line":122,"column":null}},"64":{"start":{"line":123,"column":4},"end":{"line":130,"column":null}},"65":{"start":{"line":124,"column":6},"end":{"line":124,"column":null}},"66":{"start":{"line":129,"column":6},"end":{"line":129,"column":null}},"67":{"start":{"line":131,"column":4},"end":{"line":131,"column":null}},"68":{"start":{"line":132,"column":4},"end":{"line":132,"column":null}},"69":{"start":{"line":135,"column":16},"end":{"line":135,"column":null}},"70":{"start":{"line":135,"column":31},"end":{"line":135,"column":63}},"71":{"start":{"line":137,"column":2},"end":{"line":137,"column":null}},"72":{"start":{"line":141,"column":14},"end":{"line":141,"column":null}},"73":{"start":{"line":142,"column":2},"end":{"line":142,"column":null}},"74":{"start":{"line":142,"column":12},"end":{"line":142,"column":null}},"75":{"start":{"line":143,"column":2},"end":{"line":143,"column":null}}},"fnMap":{"0":{"name":"systemPrefersDark","decl":{"start":{"line":25,"column":9},"end":{"line":25,"column":29}},"loc":{"start":{"line":25,"column":29},"end":{"line":28,"column":null}},"line":25},"1":{"name":"readStored","decl":{"start":{"line":30,"column":9},"end":{"line":30,"column":33}},"loc":{"start":{"line":30,"column":33},"end":{"line":35,"column":null}},"line":30},"2":{"name":"writeThemeCookie","decl":{"start":{"line":37,"column":9},"end":{"line":37,"column":26}},"loc":{"start":{"line":37,"column":43},"end":{"line":40,"column":null}},"line":37},"3":{"name":"readCookieTheme","decl":{"start":{"line":42,"column":9},"end":{"line":42,"column":45}},"loc":{"start":{"line":42,"column":45},"end":{"line":49,"column":null}},"line":42},"4":{"name":"resolveTheme","decl":{"start":{"line":51,"column":9},"end":{"line":51,"column":22}},"loc":{"start":{"line":51,"column":54},"end":{"line":54,"column":null}},"line":51},"5":{"name":"applyDocumentTheme","decl":{"start":{"line":56,"column":9},"end":{"line":56,"column":28}},"loc":{"start":{"line":56,"column":46},"end":{"line":84,"column":null}},"line":56},"6":{"name":"ThemeProvider","decl":{"start":{"line":86,"column":16},"end":{"line":86,"column":30}},"loc":{"start":{"line":86,"column":69},"end":{"line":138,"column":null}},"line":86},"7":{"name":"(anonymous_7)","decl":{"start":{"line":94,"column":2},"end":{"line":94,"column":18}},"loc":{"start":{"line":94,"column":18},"end":{"line":105,"column":5}},"line":94},"8":{"name":"(anonymous_8)","decl":{"start":{"line":109,"column":2},"end":{"line":109,"column":18}},"loc":{"start":{"line":109,"column":18},"end":{"line":119,"column":5}},"line":109},"9":{"name":"(anonymous_9)","decl":{"start":{"line":113,"column":10},"end":{"line":113,"column":21}},"loc":{"start":{"line":113,"column":48},"end":{"line":116,"column":null}},"line":113},"10":{"name":"(anonymous_10)","decl":{"start":{"line":118,"column":4},"end":{"line":118,"column":17}},"loc":{"start":{"line":118,"column":17},"end":{"line":118,"column":null}},"line":118},"11":{"name":"(anonymous_11)","decl":{"start":{"line":121,"column":19},"end":{"line":121,"column":32}},"loc":{"start":{"line":121,"column":52},"end":{"line":133,"column":5}},"line":121},"12":{"name":"(anonymous_12)","decl":{"start":{"line":135,"column":16},"end":{"line":135,"column":31}},"loc":{"start":{"line":135,"column":31},"end":{"line":135,"column":63}},"line":135},"13":{"name":"useTheme","decl":{"start":{"line":140,"column":16},"end":{"line":140,"column":27}},"loc":{"start":{"line":140,"column":27},"end":{"line":144,"column":null}},"line":140}},"branchMap":{"0":{"loc":{"start":{"line":26,"column":2},"end":{"line":26,"column":null}},"type":"if","locations":[{"start":{"line":26,"column":2},"end":{"line":26,"column":null}},{"start":{},"end":{}}],"line":26},"1":{"loc":{"start":{"line":31,"column":2},"end":{"line":31,"column":null}},"type":"if","locations":[{"start":{"line":31,"column":2},"end":{"line":31,"column":null}},{"start":{},"end":{}}],"line":31},"2":{"loc":{"start":{"line":33,"column":2},"end":{"line":33,"column":null}},"type":"if","locations":[{"start":{"line":33,"column":2},"end":{"line":33,"column":null}},{"start":{},"end":{}}],"line":33},"3":{"loc":{"start":{"line":33,"column":6},"end":{"line":33,"column":61}},"type":"binary-expr","locations":[{"start":{"line":33,"column":6},"end":{"line":33,"column":25}},{"start":{"line":33,"column":25},"end":{"line":33,"column":43}},{"start":{"line":33,"column":43},"end":{"line":33,"column":61}}],"line":33},"4":{"loc":{"start":{"line":38,"column":2},"end":{"line":38,"column":null}},"type":"if","locations":[{"start":{"line":38,"column":2},"end":{"line":38,"column":null}},{"start":{},"end":{}}],"line":38},"5":{"loc":{"start":{"line":43,"column":2},"end":{"line":43,"column":null}},"type":"if","locations":[{"start":{"line":43,"column":2},"end":{"line":43,"column":null}},{"start":{},"end":{}}],"line":43},"6":{"loc":{"start":{"line":45,"column":2},"end":{"line":45,"column":null}},"type":"if","locations":[{"start":{"line":45,"column":2},"end":{"line":45,"column":null}},{"start":{},"end":{}}],"line":45},"7":{"loc":{"start":{"line":47,"column":2},"end":{"line":47,"column":null}},"type":"if","locations":[{"start":{"line":47,"column":2},"end":{"line":47,"column":null}},{"start":{},"end":{}}],"line":47},"8":{"loc":{"start":{"line":47,"column":6},"end":{"line":47,"column":55}},"type":"binary-expr","locations":[{"start":{"line":47,"column":6},"end":{"line":47,"column":23}},{"start":{"line":47,"column":23},"end":{"line":47,"column":39}},{"start":{"line":47,"column":39},"end":{"line":47,"column":55}}],"line":47},"9":{"loc":{"start":{"line":52,"column":2},"end":{"line":52,"column":null}},"type":"if","locations":[{"start":{"line":52,"column":2},"end":{"line":52,"column":null}},{"start":{},"end":{}}],"line":52},"10":{"loc":{"start":{"line":52,"column":6},"end":{"line":52,"column":43}},"type":"binary-expr","locations":[{"start":{"line":52,"column":6},"end":{"line":52,"column":26}},{"start":{"line":52,"column":26},"end":{"line":52,"column":43}}],"line":52},"11":{"loc":{"start":{"line":53,"column":9},"end":{"line":53,"column":null}},"type":"cond-expr","locations":[{"start":{"line":53,"column":31},"end":{"line":53,"column":40}},{"start":{"line":53,"column":40},"end":{"line":53,"column":null}}],"line":53},"12":{"loc":{"start":{"line":57,"column":2},"end":{"line":57,"column":null}},"type":"if","locations":[{"start":{"line":57,"column":2},"end":{"line":57,"column":null}},{"start":{},"end":{}}],"line":57},"13":{"loc":{"start":{"line":63,"column":2},"end":{"line":72,"column":null}},"type":"if","locations":[{"start":{"line":63,"column":2},"end":{"line":72,"column":null}},{"start":{"line":66,"column":9},"end":{"line":72,"column":null}}],"line":63},"14":{"loc":{"start":{"line":66,"column":9},"end":{"line":72,"column":null}},"type":"if","locations":[{"start":{"line":66,"column":9},"end":{"line":72,"column":null}},{"start":{"line":69,"column":9},"end":{"line":72,"column":null}}],"line":66},"15":{"loc":{"start":{"line":104,"column":4},"end":{"line":104,"column":null}},"type":"if","locations":[{"start":{"line":104,"column":4},"end":{"line":104,"column":null}},{"start":{},"end":{}}],"line":104},"16":{"loc":{"start":{"line":110,"column":4},"end":{"line":110,"column":null}},"type":"if","locations":[{"start":{"line":110,"column":4},"end":{"line":110,"column":null}},{"start":{},"end":{}}],"line":110},"17":{"loc":{"start":{"line":111,"column":4},"end":{"line":111,"column":null}},"type":"if","locations":[{"start":{"line":111,"column":4},"end":{"line":111,"column":null}},{"start":{},"end":{}}],"line":111},"18":{"loc":{"start":{"line":114,"column":18},"end":{"line":114,"column":46}},"type":"cond-expr","locations":[{"start":{"line":114,"column":30},"end":{"line":114,"column":39}},{"start":{"line":114,"column":39},"end":{"line":114,"column":46}}],"line":114},"19":{"loc":{"start":{"line":123,"column":4},"end":{"line":130,"column":null}},"type":"if","locations":[{"start":{"line":123,"column":4},"end":{"line":130,"column":null}},{"start":{},"end":{}}],"line":123},"20":{"loc":{"start":{"line":142,"column":2},"end":{"line":142,"column":null}},"type":"if","locations":[{"start":{"line":142,"column":2},"end":{"line":142,"column":null}},{"start":{},"end":{}}],"line":142}},"s":{"0":2,"1":2,"2":38,"3":0,"4":38,"5":19,"6":0,"7":19,"8":19,"9":3,"10":16,"11":4,"12":0,"13":4,"14":19,"15":0,"16":19,"17":19,"18":2,"19":17,"20":17,"21":17,"22":0,"23":42,"24":4,"25":38,"26":21,"27":0,"28":21,"29":21,"30":0,"31":0,"32":21,"33":2,"34":2,"35":19,"36":19,"37":21,"38":21,"39":21,"40":23,"41":23,"42":23,"43":19,"44":19,"45":19,"46":19,"47":19,"48":19,"49":2,"50":23,"51":22,"52":2,"53":20,"54":0,"55":20,"56":20,"57":0,"58":0,"59":20,"60":20,"61":20,"62":23,"63":2,"64":2,"65":2,"66":2,"67":2,"68":2,"69":23,"70":22,"71":23,"72":40,"73":40,"74":0,"75":40},"f":{"0":38,"1":19,"2":4,"3":19,"4":42,"5":21,"6":23,"7":19,"8":22,"9":0,"10":20,"11":2,"12":22,"13":40},"b":{"0":[0,38],"1":[0,19],"2":[3,16],"3":[19,19,18],"4":[0,4],"5":[0,19],"6":[2,17],"7":[17,0],"8":[17,17,16],"9":[4,38],"10":[42,42],"11":[0,38],"12":[0,21],"13":[0,21],"14":[2,19],"15":[2,17],"16":[2,20],"17":[0,20],"18":[0,0],"19":[2,0],"20":[0,40]},"meta":{"lastBranch":21,"lastFunction":14,"lastStatement":76,"seen":{"s:1:0:1:Infinity":0,"s:23:21:23:Infinity":1,"f:25:9:25:29":0,"b:26:2:26:Infinity:undefined:undefined:undefined:undefined":0,"s:26:2:26:Infinity":2,"s:26:37:26:Infinity":3,"s:27:2:27:Infinity":4,"f:30:9:30:33":1,"b:31:2:31:Infinity:undefined:undefined:undefined:undefined":1,"s:31:2:31:Infinity":5,"s:31:37:31:Infinity":6,"s:32:14:32:Infinity":7,"b:33:2:33:Infinity:undefined:undefined:undefined:undefined":2,"s:33:2:33:Infinity":8,"b:33:6:33:25:33:25:33:43:33:43:33:61":3,"s:33:61:33:Infinity":9,"s:34:2:34:Infinity":10,"f:37:9:37:26":2,"b:38:2:38:Infinity:undefined:undefined:undefined:undefined":4,"s:38:2:38:Infinity":11,"s:38:39:38:Infinity":12,"s:39:2:39:Infinity":13,"f:42:9:42:45":3,"b:43:2:43:Infinity:undefined:undefined:undefined:undefined":5,"s:43:2:43:Infinity":14,"s:43:39:43:Infinity":15,"s:44:12:44:Infinity":16,"b:45:2:45:Infinity:undefined:undefined:undefined:undefined":6,"s:45:2:45:Infinity":17,"s:45:10:45:Infinity":18,"s:46:12:46:Infinity":19,"b:47:2:47:Infinity:undefined:undefined:undefined:undefined":7,"s:47:2:47:Infinity":20,"b:47:6:47:23:47:23:47:39:47:39:47:55":8,"s:47:55:47:Infinity":21,"s:48:2:48:Infinity":22,"f:51:9:51:22":4,"b:52:2:52:Infinity:undefined:undefined:undefined:undefined":9,"s:52:2:52:Infinity":23,"b:52:6:52:26:52:26:52:43":10,"s:52:43:52:Infinity":24,"s:53:2:53:Infinity":25,"b:53:31:53:40:53:40:53:Infinity":11,"f:56:9:56:28":5,"b:57:2:57:Infinity:undefined:undefined:undefined:undefined":12,"s:57:2:57:Infinity":26,"s:57:39:57:Infinity":27,"s:58:15:58:Infinity":28,"b:63:2:72:Infinity:66:9:72:Infinity":13,"s:63:2:72:Infinity":29,"s:64:4:64:Infinity":30,"s:65:4:65:Infinity":31,"b:66:9:72:Infinity:69:9:72:Infinity":14,"s:66:9:72:Infinity":32,"s:67:4:67:Infinity":33,"s:68:4:68:Infinity":34,"s:70:4:70:Infinity":35,"s:71:4:71:Infinity":36,"s:73:2:73:Infinity":37,"s:77:2:77:Infinity":38,"s:83:2:83:Infinity":39,"f:86:16:86:30":6,"s:91:33:91:Infinity":40,"s:92:34:92:Infinity":41,"s:94:2:105:Infinity":42,"f:94:2:94:18":7,"s:95:19:95:Infinity":43,"s:96:4:96:Infinity":44,"s:97:4:97:Infinity":45,"s:98:4:98:Infinity":46,"s:103:24:103:Infinity":47,"b:104:4:104:Infinity:undefined:undefined:undefined:undefined":15,"s:104:4:104:Infinity":48,"s:104:32:104:Infinity":49,"s:109:2:119:Infinity":50,"f:109:2:109:18":8,"b:110:4:110:Infinity:undefined:undefined:undefined:undefined":16,"s:110:4:110:Infinity":51,"s:110:28:110:Infinity":52,"b:111:4:111:Infinity:undefined:undefined:undefined:undefined":17,"s:111:4:111:Infinity":53,"s:111:39:111:Infinity":54,"s:112:16:112:Infinity":55,"s:113:10:116:Infinity":56,"f:113:10:113:21":9,"s:114:6:114:Infinity":57,"b:114:30:114:39:114:39:114:46":18,"s:115:6:115:Infinity":58,"s:117:4:117:Infinity":59,"s:118:4:118:Infinity":60,"f:118:4:118:17":10,"s:118:17:118:Infinity":61,"s:121:19:133:Infinity":62,"f:121:19:121:32":11,"s:122:4:122:Infinity":63,"b:123:4:130:Infinity:undefined:undefined:undefined:undefined":19,"s:123:4:130:Infinity":64,"s:124:6:124:Infinity":65,"s:129:6:129:Infinity":66,"s:131:4:131:Infinity":67,"s:132:4:132:Infinity":68,"s:135:16:135:Infinity":69,"f:135:16:135:31":12,"s:135:31:135:63":70,"s:137:2:137:Infinity":71,"f:140:16:140:27":13,"s:141:14:141:Infinity":72,"b:142:2:142:Infinity:undefined:undefined:undefined:undefined":20,"s:142:2:142:Infinity":73,"s:142:12:142:Infinity":74,"s:143:2:143:Infinity":75},"fnNames":{}}}
,"/home/bajrangi/Wins/Aegis-Vault/apps/web/components/theme/ThemeToggle.tsx": {"path":"/home/bajrangi/Wins/Aegis-Vault/apps/web/components/theme/ThemeToggle.tsx","statementMap":{"0":{"start":{"line":1,"column":0},"end":{"line":1,"column":null}},"1":{"start":{"line":14,"column":26},"end":{"line":18,"column":null}},"2":{"start":{"line":21,"column":30},"end":{"line":21,"column":39}},"3":{"start":{"line":22,"column":18},"end":{"line":22,"column":24}},"4":{"start":{"line":26,"column":32},"end":{"line":26,"column":null}},"5":{"start":{"line":27,"column":2},"end":{"line":27,"column":null}},"6":{"start":{"line":27,"column":18},"end":{"line":27,"column":36}},"7":{"start":{"line":29,"column":2},"end":{"line":62,"column":null}},"8":{"start":{"line":36,"column":25},"end":{"line":36,"column":null}},"9":{"start":{"line":37,"column":8},"end":{"line":59,"column":null}},"10":{"start":{"line":43,"column":27},"end":{"line":43,"column":null}},"11":{"start":{"line":67,"column":2},"end":{"line":87,"column":null}},"12":{"start":{"line":92,"column":2},"end":{"line":104,"column":null}},"13":{"start":{"line":109,"column":2},"end":{"line":123,"column":null}}},"fnMap":{"0":{"name":"ThemeToggle","decl":{"start":{"line":20,"column":16},"end":{"line":20,"column":30}},"loc":{"start":{"line":20,"column":30},"end":{"line":64,"column":null}},"line":20},"1":{"name":"(anonymous_1)","decl":{"start":{"line":27,"column":2},"end":{"line":27,"column":18}},"loc":{"start":{"line":27,"column":18},"end":{"line":27,"column":36}},"line":27},"2":{"name":"(anonymous_2)","decl":{"start":{"line":35,"column":15},"end":{"line":35,"column":19}},"loc":{"start":{"line":35,"column":26},"end":{"line":61,"column":7}},"line":35},"3":{"name":"(anonymous_3)","decl":{"start":{"line":43,"column":12},"end":{"line":43,"column":27}},"loc":{"start":{"line":43,"column":27},"end":{"line":43,"column":null}},"line":43},"4":{"name":"SunIcon","decl":{"start":{"line":66,"column":9},"end":{"line":66,"column":17}},"loc":{"start":{"line":66,"column":61},"end":{"line":89,"column":null}},"line":66},"5":{"name":"MoonIcon","decl":{"start":{"line":91,"column":9},"end":{"line":91,"column":18}},"loc":{"start":{"line":91,"column":62},"end":{"line":106,"column":null}},"line":91},"6":{"name":"AutoIcon","decl":{"start":{"line":108,"column":9},"end":{"line":108,"column":18}},"loc":{"start":{"line":108,"column":62},"end":{"line":125,"column":null}},"line":108}},"branchMap":{"0":{"loc":{"start":{"line":36,"column":25},"end":{"line":36,"column":null}},"type":"binary-expr","locations":[{"start":{"line":36,"column":25},"end":{"line":36,"column":36}},{"start":{"line":36,"column":36},"end":{"line":36,"column":null}}],"line":36},"1":{"loc":{"start":{"line":45,"column":14},"end":{"line":47,"column":null}},"type":"cond-expr","locations":[{"start":{"line":46,"column":18},"end":{"line":46,"column":null}},{"start":{"line":47,"column":18},"end":{"line":47,"column":null}}],"line":45},"2":{"loc":{"start":{"line":50,"column":13},"end":{"line":56,"column":null}},"type":"cond-expr","locations":[{"start":{"line":51,"column":14},"end":{"line":56,"column":null}},{"start":{"line":56,"column":16},"end":{"line":56,"column":null}}],"line":50},"3":{"loc":{"start":{"line":66,"column":19},"end":{"line":66,"column":61}},"type":"default-arg","locations":[{"start":{"line":66,"column":31},"end":{"line":66,"column":61}}],"line":66},"4":{"loc":{"start":{"line":91,"column":20},"end":{"line":91,"column":62}},"type":"default-arg","locations":[{"start":{"line":91,"column":32},"end":{"line":91,"column":62}}],"line":91},"5":{"loc":{"start":{"line":108,"column":20},"end":{"line":108,"column":62}},"type":"default-arg","locations":[{"start":{"line":108,"column":32},"end":{"line":108,"column":62}}],"line":108}},"s":{"0":2,"1":2,"2":40,"3":40,"4":40,"5":40,"6":19,"7":40,"8":120,"9":120,"10":2,"11":40,"12":40,"13":40},"f":{"0":40,"1":19,"2":120,"3":2,"4":40,"5":40,"6":40},"b":{"0":[120,63],"1":[21,99],"2":[21,99],"3":[40],"4":[40],"5":[40]},"meta":{"lastBranch":6,"lastFunction":7,"lastStatement":14,"seen":{"s:1:0:1:Infinity":0,"s:14:26:18:Infinity":1,"f:20:16:20:30":0,"s:21:30:21:39":2,"s:22:18:22:24":3,"s:26:32:26:Infinity":4,"s:27:2:27:Infinity":5,"f:27:2:27:18":1,"s:27:18:27:36":6,"s:29:2:62:Infinity":7,"f:35:15:35:19":2,"s:36:25:36:Infinity":8,"b:36:25:36:36:36:36:36:Infinity":0,"s:37:8:59:Infinity":9,"f:43:12:43:27":3,"s:43:27:43:Infinity":10,"b:46:18:46:Infinity:47:18:47:Infinity":1,"b:51:14:56:Infinity:56:16:56:Infinity":2,"f:66:9:66:17":4,"b:66:31:66:61":3,"s:67:2:87:Infinity":11,"f:91:9:91:18":5,"b:91:32:91:62":4,"s:92:2:104:Infinity":12,"f:108:9:108:18":6,"b:108:32:108:62":5,"s:109:2:123:Infinity":13},"fnNames":{}}}
,"/home/bajrangi/Wins/Aegis-Vault/apps/web/components/theme/constants.ts": {"path":"/home/bajrangi/Wins/Aegis-Vault/apps/web/components/theme/constants.ts","statementMap":{"0":{"start":{"line":11,"column":33},"end":{"line":11,"column":null}}},"fnMap":{},"branchMap":{},"s":{"0":2},"f":{},"b":{},"meta":{"lastBranch":0,"lastFunction":0,"lastStatement":1,"seen":{"s:11:33:11:Infinity":0},"fnNames":{}}}
,"/home/bajrangi/Wins/Aegis-Vault/apps/web/lib/chainscan.ts": {"path":"/home/bajrangi/Wins/Aegis-Vault/apps/web/lib/chainscan.ts","statementMap":{"0":{"start":{"line":7,"column":23},"end":{"line":7,"column":null}},"1":{"start":{"line":9,"column":25},"end":{"line":13,"column":null}},"2":{"start":{"line":16,"column":2},"end":{"line":16,"column":null}},"3":{"start":{"line":20,"column":2},"end":{"line":20,"column":null}},"4":{"start":{"line":24,"column":2},"end":{"line":24,"column":null}},"5":{"start":{"line":28,"column":2},"end":{"line":28,"column":null}},"6":{"start":{"line":28,"column":14},"end":{"line":28,"column":null}},"7":{"start":{"line":29,"column":2},"end":{"line":29,"column":null}},"8":{"start":{"line":29,"column":39},"end":{"line":29,"column":null}},"9":{"start":{"line":30,"column":2},"end":{"line":30,"column":null}}},"fnMap":{"0":{"name":"txUrl","decl":{"start":{"line":15,"column":16},"end":{"line":15,"column":22}},"loc":{"start":{"line":15,"column":36},"end":{"line":17,"column":null}},"line":15},"1":{"name":"addressUrl","decl":{"start":{"line":19,"column":16},"end":{"line":19,"column":27}},"loc":{"start":{"line":19,"column":44},"end":{"line":21,"column":null}},"line":19},"2":{"name":"tokenUrl","decl":{"start":{"line":23,"column":16},"end":{"line":23,"column":25}},"loc":{"start":{"line":23,"column":69},"end":{"line":25,"column":null}},"line":23},"3":{"name":"truncate","decl":{"start":{"line":27,"column":16},"end":{"line":27,"column":25}},"loc":{"start":{"line":27,"column":68},"end":{"line":31,"column":null}},"line":27}},"branchMap":{"0":{"loc":{"start":{"line":27,"column":40},"end":{"line":27,"column":50}},"type":"default-arg","locations":[{"start":{"line":27,"column":47},"end":{"line":27,"column":50}}],"line":27},"1":{"loc":{"start":{"line":27,"column":50},"end":{"line":27,"column":68}},"type":"default-arg","locations":[{"start":{"line":27,"column":57},"end":{"line":27,"column":68}}],"line":27},"2":{"loc":{"start":{"line":28,"column":2},"end":{"line":28,"column":null}},"type":"if","locations":[{"start":{"line":28,"column":2},"end":{"line":28,"column":null}},{"start":{},"end":{}}],"line":28},"3":{"loc":{"start":{"line":29,"column":2},"end":{"line":29,"column":null}},"type":"if","locations":[{"start":{"line":29,"column":2},"end":{"line":29,"column":null}},{"start":{},"end":{}}],"line":29}},"s":{"0":2,"1":2,"2":0,"3":31,"4":0,"5":35,"6":2,"7":33,"8":1,"9":32},"f":{"0":0,"1":31,"2":0,"3":35},"b":{"0":[35],"1":[35],"2":[2,33],"3":[1,32]},"meta":{"lastBranch":4,"lastFunction":4,"lastStatement":10,"seen":{"s:7:23:7:Infinity":0,"s:9:25:13:Infinity":1,"f:15:16:15:22":0,"s:16:2:16:Infinity":2,"f:19:16:19:27":1,"s:20:2:20:Infinity":3,"f:23:16:23:25":2,"s:24:2:24:Infinity":4,"f:27:16:27:25":3,"b:27:47:27:50":0,"b:27:57:27:68":1,"b:28:2:28:Infinity:undefined:undefined:undefined:undefined":2,"s:28:2:28:Infinity":5,"s:28:14:28:Infinity":6,"b:29:2:29:Infinity:undefined:undefined:undefined:undefined":3,"s:29:2:29:Infinity":7,"s:29:39:29:Infinity":8,"s:30:2:30:Infinity":9},"fnNames":{}}}
,"/home/bajrangi/Wins/Aegis-Vault/apps/web/lib/tokenops/client.ts": {"path":"/home/bajrangi/Wins/Aegis-Vault/apps/web/lib/tokenops/client.ts","statementMap":{"0":{"start":{"line":65,"column":12},"end":{"line":65,"column":null}},"1":{"start":{"line":71,"column":2},"end":{"line":87,"column":null}},"2":{"start":{"line":72,"column":4},"end":{"line":86,"column":null}},"3":{"start":{"line":73,"column":6},"end":{"line":85,"column":null}},"4":{"start":{"line":74,"column":59},"end":{"line":75,"column":null}},"5":{"start":{"line":77,"column":8},"end":{"line":80,"column":null}},"6":{"start":{"line":82,"column":8},"end":{"line":84,"column":null}},"7":{"start":{"line":88,"column":2},"end":{"line":88,"column":null}},"8":{"start":{"line":98,"column":18},"end":{"line":98,"column":null}},"9":{"start":{"line":100,"column":14},"end":{"line":100,"column":null}},"10":{"start":{"line":101,"column":20},"end":{"line":101,"column":null}},"11":{"start":{"line":102,"column":24},"end":{"line":112,"column":null}},"12":{"start":{"line":108,"column":44},"end":{"line":111,"column":6}},"13":{"start":{"line":114,"column":24},"end":{"line":114,"column":null}},"14":{"start":{"line":116,"column":17},"end":{"line":120,"column":null}},"15":{"start":{"line":122,"column":2},"end":{"line":125,"column":null}},"16":{"start":{"line":137,"column":19},"end":{"line":137,"column":null}},"17":{"start":{"line":138,"column":2},"end":{"line":142,"column":null}},"18":{"start":{"line":147,"column":2},"end":{"line":147,"column":null}}},"fnMap":{"0":{"name":"getFactoryClient","decl":{"start":{"line":67,"column":15},"end":{"line":67,"column":null}},"loc":{"start":{"line":70,"column":2},"end":{"line":89,"column":null}},"line":70},"1":{"name":"(anonymous_1)","decl":{"start":{"line":72,"column":23},"end":{"line":72,"column":35}},"loc":{"start":{"line":72,"column":35},"end":{"line":86,"column":5}},"line":72},"2":{"name":"createConfidentialAirdrop","decl":{"start":{"line":93,"column":22},"end":{"line":93,"column":null}},"loc":{"start":{"line":97,"column":31},"end":{"line":126,"column":null}},"line":97},"3":{"name":"(anonymous_3)","decl":{"start":{"line":108,"column":34},"end":{"line":108,"column":38}},"loc":{"start":{"line":108,"column":44},"end":{"line":111,"column":6}},"line":108},"4":{"name":"estimateMevExposure","decl":{"start":{"line":132,"column":16},"end":{"line":132,"column":36}},"loc":{"start":{"line":136,"column":2},"end":{"line":143,"column":null}},"line":136},"5":{"name":"resetTokenOpsClient","decl":{"start":{"line":146,"column":16},"end":{"line":146,"column":44}},"loc":{"start":{"line":146,"column":44},"end":{"line":148,"column":null}},"line":146}},"branchMap":{"0":{"loc":{"start":{"line":71,"column":2},"end":{"line":87,"column":null}},"type":"if","locations":[{"start":{"line":71,"column":2},"end":{"line":87,"column":null}},{"start":{},"end":{}}],"line":71},"1":{"loc":{"start":{"line":83,"column":41},"end":{"line":83,"column":106}},"type":"cond-expr","locations":[{"start":{"line":83,"column":66},"end":{"line":83,"column":82}},{"start":{"line":83,"column":82},"end":{"line":83,"column":106}}],"line":83}},"s":{"0":1,"1":0,"2":0,"3":0,"4":0,"5":0,"6":0,"7":0,"8":0,"9":0,"10":0,"11":0,"12":0,"13":0,"14":0,"15":0,"16":4,"17":4,"18":0},"f":{"0":0,"1":0,"2":0,"3":0,"4":4,"5":0},"b":{"0":[0,0],"1":[0,0]},"meta":{"lastBranch":2,"lastFunction":6,"lastStatement":19,"seen":{"s:65:12:65:Infinity":0,"f:67:15:67:Infinity":0,"b:71:2:87:Infinity:undefined:undefined:undefined:undefined":0,"s:71:2:87:Infinity":1,"s:72:4:86:Infinity":2,"f:72:23:72:35":1,"s:73:6:85:Infinity":3,"s:74:59:75:Infinity":4,"s:77:8:80:Infinity":5,"s:82:8:84:Infinity":6,"b:83:66:83:82:83:82:83:106":1,"s:88:2:88:Infinity":7,"f:93:22:93:Infinity":2,"s:98:18:98:Infinity":8,"s:100:14:100:Infinity":9,"s:101:20:101:Infinity":10,"s:102:24:112:Infinity":11,"f:108:34:108:38":3,"s:108:44:111:6":12,"s:114:24:114:Infinity":13,"s:116:17:120:Infinity":14,"s:122:2:125:Infinity":15,"f:132:16:132:36":4,"s:137:19:137:Infinity":16,"s:138:2:142:Infinity":17,"f:146:16:146:44":5,"s:147:2:147:Infinity":18},"fnNames":{}}}
,"/home/bajrangi/Wins/Aegis-Vault/apps/web/test/mocks/framer-motion.ts": {"path":"/home/bajrangi/Wins/Aegis-Vault/apps/web/test/mocks/framer-motion.ts","statementMap":{"0":{"start":{"line":57,"column":0},"end":{"line":69,"column":null}},"1":{"start":{"line":57,"column":32},"end":{"line":69,"column":2}},"2":{"start":{"line":59,"column":68},"end":{"line":59,"column":null}},"3":{"start":{"line":60,"column":40},"end":{"line":64,"column":null}},"4":{"start":{"line":61,"column":15},"end":{"line":61,"column":null}},"5":{"start":{"line":65,"column":29},"end":{"line":65,"column":null}},"6":{"start":{"line":66,"column":23},"end":{"line":66,"column":null}},"7":{"start":{"line":66,"column":36},"end":{"line":66,"column":38}},"8":{"start":{"line":67,"column":27},"end":{"line":67,"column":null}},"9":{"start":{"line":68,"column":26},"end":{"line":68,"column":null}},"10":{"start":{"line":1,"column":0},"end":{"line":1,"column":null}},"11":{"start":{"line":17,"column":20},"end":{"line":46,"column":null}},"12":{"start":{"line":43,"column":10},"end":{"line":43,"column":null}},"13":{"start":{"line":44,"column":6},"end":{"line":44,"column":null}},"14":{"start":{"line":47,"column":2},"end":{"line":47,"column":null}},"15":{"start":{"line":48,"column":2},"end":{"line":48,"column":null}},"16":{"start":{"line":51,"column":18},"end":{"line":51,"column":null}},"17":{"start":{"line":53,"column":15},"end":{"line":55,"column":null}},"18":{"start":{"line":54,"column":23},"end":{"line":54,"column":54}}},"fnMap":{"0":{"name":"(anonymous_0)","decl":{"start":{"line":57,"column":8},"end":{"line":57,"column":32}},"loc":{"start":{"line":57,"column":32},"end":{"line":69,"column":2}},"line":57},"1":{"name":"(anonymous_1)","decl":{"start":{"line":59,"column":2},"end":{"line":59,"column":20}},"loc":{"start":{"line":59,"column":68},"end":{"line":59,"column":null}},"line":59},"2":{"name":"(anonymous_2)","decl":{"start":{"line":60,"column":2},"end":{"line":60,"column":19}},"loc":{"start":{"line":60,"column":40},"end":{"line":64,"column":null}},"line":60},"3":{"name":"(anonymous_3)","decl":{"start":{"line":61,"column":4},"end":{"line":61,"column":15}},"loc":{"start":{"line":61,"column":15},"end":{"line":61,"column":null}},"line":61},"4":{"name":"(anonymous_4)","decl":{"start":{"line":65,"column":2},"end":{"line":65,"column":14}},"loc":{"start":{"line":65,"column":29},"end":{"line":65,"column":null}},"line":65},"5":{"name":"(anonymous_5)","decl":{"start":{"line":66,"column":2},"end":{"line":66,"column":23}},"loc":{"start":{"line":66,"column":23},"end":{"line":66,"column":null}},"line":66},"6":{"name":"(anonymous_6)","decl":{"start":{"line":66,"column":25},"end":{"line":66,"column":36}},"loc":{"start":{"line":66,"column":36},"end":{"line":66,"column":38}},"line":66},"7":{"name":"(anonymous_7)","decl":{"start":{"line":67,"column":2},"end":{"line":67,"column":27}},"loc":{"start":{"line":67,"column":27},"end":{"line":67,"column":null}},"line":67},"8":{"name":"(anonymous_8)","decl":{"start":{"line":68,"column":2},"end":{"line":68,"column":26}},"loc":{"start":{"line":68,"column":26},"end":{"line":68,"column":null}},"line":68},"9":{"name":"createMotionElement","decl":{"start":{"line":16,"column":9},"end":{"line":16,"column":29}},"loc":{"start":{"line":16,"column":42},"end":{"line":49,"column":null}},"line":16},"10":{"name":"(anonymous_10)","decl":{"start":{"line":17,"column":26},"end":{"line":17,"column":null}},"loc":{"start":{"line":18,"column":37},"end":{"line":45,"column":null}},"line":18},"11":{"name":"(anonymous_11)","decl":{"start":{"line":54,"column":12},"end":{"line":54,"column":16}},"loc":{"start":{"line":54,"column":23},"end":{"line":54,"column":54}},"line":54}},"branchMap":{},"s":{"0":6,"1":3,"2":22,"3":28,"4":0,"5":28,"6":196,"7":0,"8":112,"9":0,"10":6,"11":60,"12":183,"13":183,"14":60,"15":60,"16":6,"17":6,"18":60},"f":{"0":3,"1":22,"2":28,"3":0,"4":28,"5":196,"6":0,"7":112,"8":0,"9":60,"10":183,"11":60},"b":{},"meta":{"lastBranch":0,"lastFunction":12,"lastStatement":19,"seen":{"s:57:0:69:Infinity":0,"f:57:8:57:32":0,"s:57:32:69:2":1,"f:59:2:59:20":1,"s:59:68:59:Infinity":2,"f:60:2:60:19":2,"s:60:40:64:Infinity":3,"f:61:4:61:15":3,"s:61:15:61:Infinity":4,"f:65:2:65:14":4,"s:65:29:65:Infinity":5,"f:66:2:66:23":5,"s:66:23:66:Infinity":6,"f:66:25:66:36":6,"s:66:36:66:38":7,"f:67:2:67:27":7,"s:67:27:67:Infinity":8,"f:68:2:68:26":8,"s:68:26:68:Infinity":9,"s:1:0:1:Infinity":10,"f:16:9:16:29":9,"s:17:20:46:Infinity":11,"f:17:26:17:Infinity":10,"s:43:10:43:Infinity":12,"s:44:6:44:Infinity":13,"s:47:2:47:Infinity":14,"s:48:2:48:Infinity":15,"s:51:18:51:Infinity":16,"s:53:15:55:Infinity":17,"f:54:12:54:16":11,"s:54:23:54:54":18},"fnNames":{}}}
,"/home/bajrangi/Wins/Aegis-Vault/apps/web/test/mocks/next.ts": {"path":"/home/bajrangi/Wins/Aegis-Vault/apps/web/test/mocks/next.ts","statementMap":{"0":{"start":{"line":10,"column":0},"end":{"line":20,"column":null}},"1":{"start":{"line":10,"column":28},"end":{"line":20,"column":2}},"2":{"start":{"line":13,"column":6},"end":{"line":17,"column":null}},"3":{"start":{"line":23,"column":0},"end":{"line":35,"column":null}},"4":{"start":{"line":23,"column":34},"end":{"line":35,"column":2}},"5":{"start":{"line":24,"column":20},"end":{"line":31,"column":null}},"6":{"start":{"line":32,"column":21},"end":{"line":32,"column":null}},"7":{"start":{"line":33,"column":25},"end":{"line":33,"column":null}},"8":{"start":{"line":34,"column":20},"end":{"line":34,"column":null}},"9":{"start":{"line":1,"column":0},"end":{"line":1,"column":null}}},"fnMap":{"0":{"name":"(anonymous_0)","decl":{"start":{"line":10,"column":8},"end":{"line":10,"column":28}},"loc":{"start":{"line":10,"column":28},"end":{"line":20,"column":2}},"line":10},"1":{"name":"(anonymous_1)","decl":{"start":{"line":11,"column":17},"end":{"line":11,"column":null}},"loc":{"start":{"line":12,"column":63},"end":{"line":18,"column":null}},"line":12},"2":{"name":"(anonymous_2)","decl":{"start":{"line":23,"column":8},"end":{"line":23,"column":34}},"loc":{"start":{"line":23,"column":34},"end":{"line":35,"column":2}},"line":23},"3":{"name":"(anonymous_3)","decl":{"start":{"line":24,"column":2},"end":{"line":24,"column":20}},"loc":{"start":{"line":24,"column":20},"end":{"line":31,"column":null}},"line":24},"4":{"name":"(anonymous_4)","decl":{"start":{"line":32,"column":2},"end":{"line":32,"column":21}},"loc":{"start":{"line":32,"column":21},"end":{"line":32,"column":null}},"line":32},"5":{"name":"(anonymous_5)","decl":{"start":{"line":33,"column":2},"end":{"line":33,"column":25}},"loc":{"start":{"line":33,"column":25},"end":{"line":33,"column":null}},"line":33},"6":{"name":"(anonymous_6)","decl":{"start":{"line":34,"column":2},"end":{"line":34,"column":20}},"loc":{"start":{"line":34,"column":20},"end":{"line":34,"column":null}},"line":34}},"branchMap":{},"s":{"0":6,"1":2,"2":94,"3":6,"4":0,"5":0,"6":0,"7":0,"8":0,"9":6},"f":{"0":2,"1":94,"2":0,"3":0,"4":0,"5":0,"6":0},"b":{},"meta":{"lastBranch":0,"lastFunction":7,"lastStatement":10,"seen":{"s:10:0:20:Infinity":0,"f:10:8:10:28":0,"s:10:28:20:2":1,"f:11:17:11:Infinity":1,"s:13:6:17:Infinity":2,"s:23:0:35:Infinity":3,"f:23:8:23:34":2,"s:23:34:35:2":4,"f:24:2:24:20":3,"s:24:20:31:Infinity":5,"f:32:2:32:21":4,"s:32:21:32:Infinity":6,"f:33:2:33:25":5,"s:33:25:33:Infinity":7,"f:34:2:34:20":6,"s:34:20:34:Infinity":8,"s:1:0:1:Infinity":9},"fnNames":{}}}
,"/home/bajrangi/Wins/Aegis-Vault/apps/web/test/mocks/viem.ts": {"path":"/home/bajrangi/Wins/Aegis-Vault/apps/web/test/mocks/viem.ts","statementMap":{"0":{"start":{"line":4,"column":0},"end":{"line":18,"column":null}},"1":{"start":{"line":5,"column":17},"end":{"line":5,"column":null}},"2":{"start":{"line":6,"column":2},"end":{"line":17,"column":null}},"3":{"start":{"line":8,"column":37},"end":{"line":12,"column":6}},"4":{"start":{"line":13,"column":37},"end":{"line":16,"column":6}}},"fnMap":{"0":{"name":"(anonymous_0)","decl":{"start":{"line":4,"column":16},"end":{"line":4,"column":28}},"loc":{"start":{"line":4,"column":28},"end":{"line":18,"column":1}},"line":4},"1":{"name":"(anonymous_1)","decl":{"start":{"line":8,"column":27},"end":{"line":8,"column":37}},"loc":{"start":{"line":8,"column":37},"end":{"line":12,"column":6}},"line":8},"2":{"name":"(anonymous_2)","decl":{"start":{"line":13,"column":27},"end":{"line":13,"column":37}},"loc":{"start":{"line":13,"column":37},"end":{"line":16,"column":6}},"line":13}},"branchMap":{},"s":{"0":6,"1":0,"2":0,"3":0,"4":0},"f":{"0":0,"1":0,"2":0},"b":{},"meta":{"lastBranch":0,"lastFunction":3,"lastStatement":5,"seen":{"s:4:0:18:Infinity":0,"f:4:16:4:28":0,"s:5:17:5:Infinity":1,"s:6:2:17:Infinity":2,"f:8:27:8:37":1,"s:8:37:12:6":3,"f:13:27:13:37":2,"s:13:37:16:6":4},"fnNames":{}}}
,"/home/bajrangi/Wins/Aegis-Vault/apps/web/test/mocks/wagmi.ts": {"path":"/home/bajrangi/Wins/Aegis-Vault/apps/web/test/mocks/wagmi.ts","statementMap":{"0":{"start":{"line":4,"column":0},"end":{"line":41,"column":null}},"1":{"start":{"line":5,"column":17},"end":{"line":5,"column":null}},"2":{"start":{"line":6,"column":2},"end":{"line":40,"column":null}},"3":{"start":{"line":8,"column":29},"end":{"line":15,"column":6}},"4":{"start":{"line":16,"column":34},"end":{"line":21,"column":6}},"5":{"start":{"line":22,"column":35},"end":{"line":26,"column":6}},"6":{"start":{"line":27,"column":35},"end":{"line":32,"column":6}},"7":{"start":{"line":33,"column":47},"end":{"line":37,"column":6}},"8":{"start":{"line":38,"column":33},"end":{"line":38,"column":37}},"9":{"start":{"line":39,"column":34},"end":{"line":39,"column":54}}},"fnMap":{"0":{"name":"(anonymous_0)","decl":{"start":{"line":4,"column":17},"end":{"line":4,"column":29}},"loc":{"start":{"line":4,"column":29},"end":{"line":41,"column":1}},"line":4},"1":{"name":"(anonymous_1)","decl":{"start":{"line":8,"column":19},"end":{"line":8,"column":29}},"loc":{"start":{"line":8,"column":29},"end":{"line":15,"column":6}},"line":8},"2":{"name":"(anonymous_2)","decl":{"start":{"line":16,"column":24},"end":{"line":16,"column":34}},"loc":{"start":{"line":16,"column":34},"end":{"line":21,"column":6}},"line":16},"3":{"name":"(anonymous_3)","decl":{"start":{"line":22,"column":25},"end":{"line":22,"column":35}},"loc":{"start":{"line":22,"column":35},"end":{"line":26,"column":6}},"line":22},"4":{"name":"(anonymous_4)","decl":{"start":{"line":27,"column":25},"end":{"line":27,"column":35}},"loc":{"start":{"line":27,"column":35},"end":{"line":32,"column":6}},"line":27},"5":{"name":"(anonymous_5)","decl":{"start":{"line":33,"column":37},"end":{"line":33,"column":47}},"loc":{"start":{"line":33,"column":47},"end":{"line":37,"column":6}},"line":33},"6":{"name":"(anonymous_6)","decl":{"start":{"line":38,"column":24},"end":{"line":38,"column":33}},"loc":{"start":{"line":38,"column":33},"end":{"line":38,"column":37}},"line":38},"7":{"name":"(anonymous_7)","decl":{"start":{"line":39,"column":24},"end":{"line":39,"column":34}},"loc":{"start":{"line":39,"column":34},"end":{"line":39,"column":54}},"line":39}},"branchMap":{},"s":{"0":6,"1":0,"2":0,"3":0,"4":0,"5":0,"6":0,"7":0,"8":0,"9":0},"f":{"0":0,"1":0,"2":0,"3":0,"4":0,"5":0,"6":0,"7":0},"b":{},"meta":{"lastBranch":0,"lastFunction":8,"lastStatement":10,"seen":{"s:4:0:41:Infinity":0,"f:4:17:4:29":0,"s:5:17:5:Infinity":1,"s:6:2:40:Infinity":2,"f:8:19:8:29":1,"s:8:29:15:6":3,"f:16:24:16:34":2,"s:16:34:21:6":4,"f:22:25:22:35":3,"s:22:35:26:6":5,"f:27:25:27:35":4,"s:27:35:32:6":6,"f:33:37:33:47":5,"s:33:47:37:6":7,"f:38:24:38:33":6,"s:38:33:38:37":8,"f:39:24:39:34":7,"s:39:34:39:54":9},"fnNames":{}}}
}
